2020-09-16 16:21:57.202  INFO 14244 --- [main] c.logpost.service.DemoApplicationTests   : Starting DemoApplicationTests on mj with PID 14244 (started by sumit in C:\Users\sumit\Documents\IDDP-ITC\Back-end\logpost)
2020-09-16 16:21:57.226  INFO 14244 --- [main] c.logpost.service.DemoApplicationTests   : No active profile set, falling back to default profiles: default
2020-09-16 16:22:00.636  INFO 14244 --- [main] o.s.s.concurrent.ThreadPoolTaskExecutor  : Initializing ExecutorService 'applicationTaskExecutor'
2020-09-16 16:22:01.298  INFO 14244 --- [main] c.logpost.service.DemoApplicationTests   : Started DemoApplicationTests in 5.623 seconds (JVM running for 10.269)
2020-09-16 16:22:03.130  INFO 14244 --- [SpringContextShutdownHook] o.s.s.concurrent.ThreadPoolTaskExecutor  : Shutting down ExecutorService 'applicationTaskExecutor'
2020-09-16 16:29:41.929  INFO 1840 --- [main] c.logpost.service.DemoApplicationTests   : Starting DemoApplicationTests on mj with PID 1840 (started by sumit in C:\Users\sumit\Documents\IDDP-ITC\Back-end\logpost)
2020-09-16 16:29:41.981  INFO 1840 --- [main] c.logpost.service.DemoApplicationTests   : No active profile set, falling back to default profiles: default
2020-09-16 16:29:44.500  INFO 1840 --- [main] o.s.s.concurrent.ThreadPoolTaskExecutor  : Initializing ExecutorService 'applicationTaskExecutor'
2020-09-16 16:29:45.007  INFO 1840 --- [main] c.logpost.service.DemoApplicationTests   : Started DemoApplicationTests in 3.913 seconds (JVM running for 5.913)
2020-09-16 16:29:45.663  INFO 1840 --- [SpringContextShutdownHook] o.s.s.concurrent.ThreadPoolTaskExecutor  : Shutting down ExecutorService 'applicationTaskExecutor'
2020-09-16 16:37:18.130  INFO 14532 --- [main] c.logpost.service.DemoApplicationTests   : Starting DemoApplicationTests on mj with PID 14532 (started by sumit in C:\Users\sumit\Documents\IDDP-ITC\Back-end\logpost)
2020-09-16 16:37:18.170  INFO 14532 --- [main] c.logpost.service.DemoApplicationTests   : No active profile set, falling back to default profiles: default
2020-09-16 16:37:21.750  INFO 14532 --- [main] o.s.s.concurrent.ThreadPoolTaskExecutor  : Initializing ExecutorService 'applicationTaskExecutor'
2020-09-16 16:37:22.337  INFO 14532 --- [main] c.logpost.service.DemoApplicationTests   : Started DemoApplicationTests in 5.326 seconds (JVM running for 8.517)
2020-09-16 16:37:23.202  INFO 14532 --- [SpringContextShutdownHook] o.s.s.concurrent.ThreadPoolTaskExecutor  : Shutting down ExecutorService 'applicationTaskExecutor'
2020-09-16 17:37:22.289  INFO 11084 --- [main] c.logpost.service.DemoApplicationTests   : Starting DemoApplicationTests on mj with PID 11084 (started by sumit in C:\Users\sumit\Documents\IDDP-ITC\Back-end\logpost)
2020-09-16 17:37:22.314  INFO 11084 --- [main] c.logpost.service.DemoApplicationTests   : No active profile set, falling back to default profiles: default
2020-09-16 17:37:25.239  INFO 11084 --- [main] o.s.s.concurrent.ThreadPoolTaskExecutor  : Initializing ExecutorService 'applicationTaskExecutor'
2020-09-16 17:37:25.756  INFO 11084 --- [main] c.logpost.service.DemoApplicationTests   : Started DemoApplicationTests in 4.682 seconds (JVM running for 7.511)
2020-09-16 17:37:26.564  INFO 11084 --- [SpringContextShutdownHook] o.s.s.concurrent.ThreadPoolTaskExecutor  : Shutting down ExecutorService 'applicationTaskExecutor'
